2026-05-28 12:00:00.956: [INFO][Sync] Reset engine, reason: 8
2026-05-28 12:00:00.956: [INFO][Sync] Stopped: Bookmarks
2026-05-28 12:00:00.956: [INFO][Sync] Stopped: Preferences
2026-05-28 12:00:00.956: [INFO][Sync] Stopped: Passwords
2026-05-28 12:00:00.956: [INFO][Sync] Stopped: Autofill Profiles
2026-05-28 12:00:00.956: [INFO][Sync] Stopped: Autofill
2026-05-28 12:00:00.956: [INFO][Sync] Stopped: Extensions
2026-05-28 12:00:00.956: [INFO][Sync] Stopped: Sessions
2026-05-28 12:00:00.956: [INFO][Sync] Stopped: Extension settings
2026-05-28 12:00:00.956: [INFO][Sync] Stopped: History Delete Directives
2026-05-28 12:00:00.956: [INFO][Sync] Stopped: Device Info
2026-05-28 12:00:00.956: [INFO][Sync] Stopped: User Consents
2026-05-28 12:00:00.956: [INFO][Sync] Stopped: Send Tab To Self
2026-05-28 12:00:00.956: [INFO][Sync] Stopped: Web Apps
2026-05-28 12:00:00.956: [INFO][Sync] Stopped: History
2026-05-28 12:00:00.956: [INFO][Sync] Stopped: Saved Tab Group
2026-05-28 12:00:00.956: [INFO][Sync] Stopped: WebAuthn Credentials
2026-05-28 12:00:00.956: [INFO][Sync] Stopped: Collection
2026-05-28 12:00:00.956: [INFO][Sync] Stopped: Edge E Drop
2026-05-28 12:00:00.956: [INFO][Sync] Stopped: Edge Hub App Usage
2026-05-28 12:00:00.957: [INFO][Sync] Stopped: Edge Journey
2026-05-28 12:00:00.957: [INFO][Sync] Stopped: Edge Wallet
2026-05-28 12:00:00.957: [INFO][Sync] Stopped: Edge Workspace
2026-05-28 12:00:00.957: [INFO][Sync] SyncState after authenticated was: NotSignedIn
2026-05-28 12:00:01.810: [INFO][Sync] Reset engine, reason: 8
2026-05-28 12:00:01.810: [INFO][Sync] Stopped: Bookmarks
2026-05-28 12:00:01.810: [INFO][Sync] Stopped: Preferences
2026-05-28 12:00:01.811: [INFO][Sync] Stopped: Passwords
2026-05-28 12:00:01.811: [INFO][Sync] Stopped: Autofill Profiles
2026-05-28 12:00:01.811: [INFO][Sync] Stopped: Autofill
2026-05-28 12:00:01.811: [INFO][Sync] Stopped: Extensions
2026-05-28 12:00:01.811: [INFO][Sync] Stopped: Sessions
2026-05-28 12:00:01.811: [INFO][Sync] Stopped: Extension settings
2026-05-28 12:00:01.811: [INFO][Sync] Stopped: History Delete Directives
2026-05-28 12:00:01.811: [INFO][Sync] Stopped: Device Info
2026-05-28 12:00:01.811: [INFO][Sync] Stopped: User Consents
2026-05-28 12:00:01.811: [INFO][Sync] Stopped: Send Tab To Self
2026-05-28 12:00:01.811: [INFO][Sync] Stopped: Web Apps
2026-05-28 12:00:01.811: [INFO][Sync] Stopped: History
2026-05-28 12:00:01.811: [INFO][Sync] Stopped: Saved Tab Group
2026-05-28 12:00:01.811: [INFO][Sync] Stopped: WebAuthn Credentials
2026-05-28 12:00:01.811: [INFO][Sync] Stopped: Collection
2026-05-28 12:00:01.811: [INFO][Sync] Stopped: Edge E Drop
2026-05-28 12:00:01.811: [INFO][Sync] Stopped: Edge Hub App Usage
2026-05-28 12:00:01.811: [INFO][Sync] Stopped: Edge Journey
2026-05-28 12:00:01.811: [INFO][Sync] Stopped: Edge Wallet
2026-05-28 12:00:01.811: [INFO][Sync] Stopped: Edge Workspace
2026-05-28 12:00:57.451: [INFO][Sync] Reset engine, reason: 0
2026-05-28 12:04:07.069: [INFO][Sync] Reset engine, reason: 8
2026-05-28 12:04:07.069: [INFO][Sync] Stopped: Bookmarks
2026-05-28 12:04:07.069: [INFO][Sync] Stopped: Preferences
2026-05-28 12:04:07.069: [INFO][Sync] Stopped: Passwords
2026-05-28 12:04:07.069: [INFO][Sync] Stopped: Autofill Profiles
2026-05-28 12:04:07.069: [INFO][Sync] Stopped: Autofill
2026-05-28 12:04:07.069: [INFO][Sync] Stopped: Extensions
2026-05-28 12:04:07.069: [INFO][Sync] Stopped: Sessions
2026-05-28 12:04:07.069: [INFO][Sync] Stopped: Extension settings
2026-05-28 12:04:07.069: [INFO][Sync] Stopped: History Delete Directives
2026-05-28 12:04:07.069: [INFO][Sync] Stopped: Device Info
2026-05-28 12:04:07.070: [INFO][Sync] Stopped: User Consents
2026-05-28 12:04:07.070: [INFO][Sync] Stopped: Send Tab To Self
2026-05-28 12:04:07.070: [INFO][Sync] Stopped: Web Apps
2026-05-28 12:04:07.070: [INFO][Sync] Stopped: History
2026-05-28 12:04:07.070: [INFO][Sync] Stopped: Saved Tab Group
2026-05-28 12:04:07.070: [INFO][Sync] Stopped: WebAuthn Credentials
2026-05-28 12:04:07.070: [INFO][Sync] Stopped: Collection
2026-05-28 12:04:07.070: [INFO][Sync] Stopped: Edge E Drop
2026-05-28 12:04:07.070: [INFO][Sync] Stopped: Edge Hub App Usage
2026-05-28 12:04:07.070: [INFO][Sync] Stopped: Edge Journey
2026-05-28 12:04:07.070: [INFO][Sync] Stopped: Edge Wallet
2026-05-28 12:04:07.070: [INFO][Sync] Stopped: Edge Workspace
2026-05-28 12:04:07.070: [INFO][Sync] SyncState after authenticated was: NotSignedIn
2026-05-28 12:04:07.471: [INFO][Sync] Reset engine, reason: 8
2026-05-28 12:04:07.471: [INFO][Sync] Stopped: Bookmarks
2026-05-28 12:04:07.471: [INFO][Sync] Stopped: Preferences
2026-05-28 12:04:07.471: [INFO][Sync] Stopped: Passwords
2026-05-28 12:04:07.471: [INFO][Sync] Stopped: Autofill Profiles
2026-05-28 12:04:07.471: [INFO][Sync] Stopped: Autofill
2026-05-28 12:04:07.471: [INFO][Sync] Stopped: Extensions
2026-05-28 12:04:07.471: [INFO][Sync] Stopped: Sessions
2026-05-28 12:04:07.471: [INFO][Sync] Stopped: Extension settings
2026-05-28 12:04:07.472: [INFO][Sync] Stopped: History Delete Directives
2026-05-28 12:04:07.472: [INFO][Sync] Stopped: Device Info
2026-05-28 12:04:07.472: [INFO][Sync] Stopped: User Consents
2026-05-28 12:04:07.472: [INFO][Sync] Stopped: Send Tab To Self
2026-05-28 12:04:07.472: [INFO][Sync] Stopped: Web Apps
2026-05-28 12:04:07.472: [INFO][Sync] Stopped: History
2026-05-28 12:04:07.472: [INFO][Sync] Stopped: Saved Tab Group
2026-05-28 12:04:07.472: [INFO][Sync] Stopped: WebAuthn Credentials
2026-05-28 12:04:07.472: [INFO][Sync] Stopped: Collection
2026-05-28 12:04:07.472: [INFO][Sync] Stopped: Edge E Drop
2026-05-28 12:04:07.472: [INFO][Sync] Stopped: Edge Hub App Usage
2026-05-28 12:04:07.472: [INFO][Sync] Stopped: Edge Journey
2026-05-28 12:04:07.472: [INFO][Sync] Stopped: Edge Wallet
2026-05-28 12:04:07.472: [INFO][Sync] Stopped: Edge Workspace
2026-05-28 12:18:30.089: [INFO][Sync] Reset engine, reason: 0
2026-05-28 12:28:34.396: [INFO][Sync] Reset engine, reason: 8
2026-05-28 12:28:34.396: [INFO][Sync] Stopped: Bookmarks
2026-05-28 12:28:34.396: [INFO][Sync] Stopped: Preferences
2026-05-28 12:28:34.396: [INFO][Sync] Stopped: Passwords
2026-05-28 12:28:34.396: [INFO][Sync] Stopped: Autofill Profiles
2026-05-28 12:28:34.396: [INFO][Sync] Stopped: Autofill
2026-05-28 12:28:34.396: [INFO][Sync] Stopped: Extensions
2026-05-28 12:28:34.396: [INFO][Sync] Stopped: Sessions
2026-05-28 12:28:34.396: [INFO][Sync] Stopped: Extension settings
2026-05-28 12:28:34.396: [INFO][Sync] Stopped: History Delete Directives
2026-05-28 12:28:34.396: [INFO][Sync] Stopped: Device Info
2026-05-28 12:28:34.396: [INFO][Sync] Stopped: User Consents
2026-05-28 12:28:34.396: [INFO][Sync] Stopped: Send Tab To Self
2026-05-28 12:28:34.396: [INFO][Sync] Stopped: Web Apps
2026-05-28 12:28:34.396: [INFO][Sync] Stopped: History
2026-05-28 12:28:34.396: [INFO][Sync] Stopped: Saved Tab Group
2026-05-28 12:28:34.396: [INFO][Sync] Stopped: WebAuthn Credentials
2026-05-28 12:28:34.396: [INFO][Sync] Stopped: Collection
2026-05-28 12:28:34.396: [INFO][Sync] Stopped: Edge E Drop
2026-05-28 12:28:34.396: [INFO][Sync] Stopped: Edge Hub App Usage
2026-05-28 12:28:34.396: [INFO][Sync] Stopped: Edge Journey
2026-05-28 12:28:34.396: [INFO][Sync] Stopped: Edge Wallet
2026-05-28 12:28:34.396: [INFO][Sync] Stopped: Edge Workspace
2026-05-28 12:28:34.397: [INFO][Sync] SyncState after authenticated was: NotSignedIn
2026-05-28 12:28:34.816: [INFO][Sync] Reset engine, reason: 8
2026-05-28 12:28:34.816: [INFO][Sync] Stopped: Bookmarks
2026-05-28 12:28:34.816: [INFO][Sync] Stopped: Preferences
2026-05-28 12:28:34.816: [INFO][Sync] Stopped: Passwords
2026-05-28 12:28:34.816: [INFO][Sync] Stopped: Autofill Profiles
2026-05-28 12:28:34.816: [INFO][Sync] Stopped: Autofill
2026-05-28 12:28:34.816: [INFO][Sync] Stopped: Extensions
2026-05-28 12:28:34.816: [INFO][Sync] Stopped: Sessions
2026-05-28 12:28:34.816: [INFO][Sync] Stopped: Extension settings
2026-05-28 12:28:34.816: [INFO][Sync] Stopped: History Delete Directives
2026-05-28 12:28:34.816: [INFO][Sync] Stopped: Device Info
2026-05-28 12:28:34.816: [INFO][Sync] Stopped: User Consents
2026-05-28 12:28:34.816: [INFO][Sync] Stopped: Send Tab To Self
2026-05-28 12:28:34.816: [INFO][Sync] Stopped: Web Apps
2026-05-28 12:28:34.816: [INFO][Sync] Stopped: History
2026-05-28 12:28:34.816: [INFO][Sync] Stopped: Saved Tab Group
2026-05-28 12:28:34.816: [INFO][Sync] Stopped: WebAuthn Credentials
2026-05-28 12:28:34.816: [INFO][Sync] Stopped: Collection
2026-05-28 12:28:34.816: [INFO][Sync] Stopped: Edge E Drop
2026-05-28 12:28:34.816: [INFO][Sync] Stopped: Edge Hub App Usage
2026-05-28 12:28:34.816: [INFO][Sync] Stopped: Edge Journey
2026-05-28 12:28:34.816: [INFO][Sync] Stopped: Edge Wallet
2026-05-28 12:28:34.816: [INFO][Sync] Stopped: Edge Workspace
2026-05-28 12:49:17.957: [INFO][Sync] Reset engine, reason: 0
2026-05-28 12:50:24.034: [INFO][Sync] Reset engine, reason: 8
2026-05-28 12:50:24.034: [INFO][Sync] Stopped: Bookmarks
2026-05-28 12:50:24.034: [INFO][Sync] Stopped: Preferences
2026-05-28 12:50:24.034: [INFO][Sync] Stopped: Passwords
2026-05-28 12:50:24.034: [INFO][Sync] Stopped: Autofill Profiles
2026-05-28 12:50:24.034: [INFO][Sync] Stopped: Autofill
2026-05-28 12:50:24.034: [INFO][Sync] Stopped: Extensions
2026-05-28 12:50:24.034: [INFO][Sync] Stopped: Sessions
2026-05-28 12:50:24.034: [INFO][Sync] Stopped: Extension settings
2026-05-28 12:50:24.034: [INFO][Sync] Stopped: History Delete Directives
2026-05-28 12:50:24.034: [INFO][Sync] Stopped: Device Info
2026-05-28 12:50:24.034: [INFO][Sync] Stopped: User Consents
2026-05-28 12:50:24.034: [INFO][Sync] Stopped: Send Tab To Self
2026-05-28 12:50:24.034: [INFO][Sync] Stopped: Web Apps
2026-05-28 12:50:24.034: [INFO][Sync] Stopped: History
2026-05-28 12:50:24.034: [INFO][Sync] Stopped: Saved Tab Group
2026-05-28 12:50:24.034: [INFO][Sync] Stopped: WebAuthn Credentials
2026-05-28 12:50:24.034: [INFO][Sync] Stopped: Collection
2026-05-28 12:50:24.034: [INFO][Sync] Stopped: Edge E Drop
2026-05-28 12:50:24.034: [INFO][Sync] Stopped: Edge Hub App Usage
2026-05-28 12:50:24.034: [INFO][Sync] Stopped: Edge Journey
2026-05-28 12:50:24.035: [INFO][Sync] Stopped: Edge Wallet
2026-05-28 12:50:24.035: [INFO][Sync] Stopped: Edge Workspace
2026-05-28 12:50:24.035: [INFO][Sync] SyncState after authenticated was: NotSignedIn
2026-05-28 12:50:24.488: [INFO][Sync] Reset engine, reason: 8
2026-05-28 12:50:24.488: [INFO][Sync] Stopped: Bookmarks
2026-05-28 12:50:24.488: [INFO][Sync] Stopped: Preferences
2026-05-28 12:50:24.488: [INFO][Sync] Stopped: Passwords
2026-05-28 12:50:24.488: [INFO][Sync] Stopped: Autofill Profiles
2026-05-28 12:50:24.488: [INFO][Sync] Stopped: Autofill
2026-05-28 12:50:24.488: [INFO][Sync] Stopped: Extensions
2026-05-28 12:50:24.488: [INFO][Sync] Stopped: Sessions
2026-05-28 12:50:24.488: [INFO][Sync] Stopped: Extension settings
2026-05-28 12:50:24.488: [INFO][Sync] Stopped: History Delete Directives
2026-05-28 12:50:24.488: [INFO][Sync] Stopped: Device Info
2026-05-28 12:50:24.488: [INFO][Sync] Stopped: User Consents
2026-05-28 12:50:24.488: [INFO][Sync] Stopped: Send Tab To Self
2026-05-28 12:50:24.488: [INFO][Sync] Stopped: Web Apps
2026-05-28 12:50:24.488: [INFO][Sync] Stopped: History
2026-05-28 12:50:24.488: [INFO][Sync] Stopped: Saved Tab Group
2026-05-28 12:50:24.488: [INFO][Sync] Stopped: WebAuthn Credentials
2026-05-28 12:50:24.488: [INFO][Sync] Stopped: Collection
2026-05-28 12:50:24.488: [INFO][Sync] Stopped: Edge E Drop
2026-05-28 12:50:24.488: [INFO][Sync] Stopped: Edge Hub App Usage
2026-05-28 12:50:24.488: [INFO][Sync] Stopped: Edge Journey
2026-05-28 12:50:24.488: [INFO][Sync] Stopped: Edge Wallet
2026-05-28 12:50:24.488: [INFO][Sync] Stopped: Edge Workspace
2026-05-28 12:52:26.798: [INFO][Sync] Reset engine, reason: 0
2026-05-28 12:53:31.380: [INFO][Sync] Reset engine, reason: 8
2026-05-28 12:53:31.380: [INFO][Sync] Stopped: Bookmarks
2026-05-28 12:53:31.380: [INFO][Sync] Stopped: Preferences
2026-05-28 12:53:31.380: [INFO][Sync] Stopped: Passwords
2026-05-28 12:53:31.381: [INFO][Sync] Stopped: Autofill Profiles
2026-05-28 12:53:31.381: [INFO][Sync] Stopped: Autofill
2026-05-28 12:53:31.381: [INFO][Sync] Stopped: Extensions
2026-05-28 12:53:31.381: [INFO][Sync] Stopped: Sessions
2026-05-28 12:53:31.381: [INFO][Sync] Stopped: Extension settings
2026-05-28 12:53:31.381: [INFO][Sync] Stopped: History Delete Directives
2026-05-28 12:53:31.381: [INFO][Sync] Stopped: Device Info
2026-05-28 12:53:31.381: [INFO][Sync] Stopped: User Consents
2026-05-28 12:53:31.381: [INFO][Sync] Stopped: Send Tab To Self
2026-05-28 12:53:31.381: [INFO][Sync] Stopped: Web Apps
2026-05-28 12:53:31.381: [INFO][Sync] Stopped: History
2026-05-28 12:53:31.381: [INFO][Sync] Stopped: Saved Tab Group
2026-05-28 12:53:31.381: [INFO][Sync] Stopped: WebAuthn Credentials
2026-05-28 12:53:31.381: [INFO][Sync] Stopped: Collection
2026-05-28 12:53:31.381: [INFO][Sync] Stopped: Edge E Drop
2026-05-28 12:53:31.381: [INFO][Sync] Stopped: Edge Hub App Usage
2026-05-28 12:53:31.381: [INFO][Sync] Stopped: Edge Journey
2026-05-28 12:53:31.381: [INFO][Sync] Stopped: Edge Wallet
2026-05-28 12:53:31.381: [INFO][Sync] Stopped: Edge Workspace
2026-05-28 12:53:31.416: [INFO][Sync] SyncState after authenticated was: NotSignedIn
2026-05-28 12:53:31.809: [INFO][Sync] Reset engine, reason: 8
2026-05-28 12:53:31.809: [INFO][Sync] Stopped: Bookmarks
2026-05-28 12:53:31.809: [INFO][Sync] Stopped: Preferences
2026-05-28 12:53:31.809: [INFO][Sync] Stopped: Passwords
2026-05-28 12:53:31.809: [INFO][Sync] Stopped: Autofill Profiles
2026-05-28 12:53:31.809: [INFO][Sync] Stopped: Autofill
2026-05-28 12:53:31.809: [INFO][Sync] Stopped: Extensions
2026-05-28 12:53:31.809: [INFO][Sync] Stopped: Sessions
2026-05-28 12:53:31.809: [INFO][Sync] Stopped: Extension settings
2026-05-28 12:53:31.809: [INFO][Sync] Stopped: History Delete Directives
2026-05-28 12:53:31.809: [INFO][Sync] Stopped: Device Info
2026-05-28 12:53:31.809: [INFO][Sync] Stopped: User Consents
2026-05-28 12:53:31.809: [INFO][Sync] Stopped: Send Tab To Self
2026-05-28 12:53:31.809: [INFO][Sync] Stopped: Web Apps
2026-05-28 12:53:31.809: [INFO][Sync] Stopped: History
2026-05-28 12:53:31.809: [INFO][Sync] Stopped: Saved Tab Group
2026-05-28 12:53:31.809: [INFO][Sync] Stopped: WebAuthn Credentials
2026-05-28 12:53:31.809: [INFO][Sync] Stopped: Collection
2026-05-28 12:53:31.809: [INFO][Sync] Stopped: Edge E Drop
2026-05-28 12:53:31.809: [INFO][Sync] Stopped: Edge Hub App Usage
2026-05-28 12:53:31.809: [INFO][Sync] Stopped: Edge Journey
2026-05-28 12:53:31.809: [INFO][Sync] Stopped: Edge Wallet
2026-05-28 12:53:31.809: [INFO][Sync] Stopped: Edge Workspace
2026-05-28 12:55:30.806: [INFO][Sync] Reset engine, reason: 0
2026-05-28 13:02:20.202: [INFO][Sync] Reset engine, reason: 8
2026-05-28 13:02:20.202: [INFO][Sync] Stopped: Bookmarks
2026-05-28 13:02:20.202: [INFO][Sync] Stopped: Preferences
2026-05-28 13:02:20.202: [INFO][Sync] Stopped: Passwords
2026-05-28 13:02:20.202: [INFO][Sync] Stopped: Autofill Profiles
2026-05-28 13:02:20.202: [INFO][Sync] Stopped: Autofill
2026-05-28 13:02:20.202: [INFO][Sync] Stopped: Extensions
2026-05-28 13:02:20.202: [INFO][Sync] Stopped: Sessions
2026-05-28 13:02:20.202: [INFO][Sync] Stopped: Extension settings
2026-05-28 13:02:20.202: [INFO][Sync] Stopped: History Delete Directives
2026-05-28 13:02:20.203: [INFO][Sync] Stopped: Device Info
2026-05-28 13:02:20.203: [INFO][Sync] Stopped: User Consents
2026-05-28 13:02:20.203: [INFO][Sync] Stopped: Send Tab To Self
2026-05-28 13:02:20.203: [INFO][Sync] Stopped: Web Apps
2026-05-28 13:02:20.203: [INFO][Sync] Stopped: History
2026-05-28 13:02:20.203: [INFO][Sync] Stopped: Saved Tab Group
2026-05-28 13:02:20.203: [INFO][Sync] Stopped: WebAuthn Credentials
2026-05-28 13:02:20.203: [INFO][Sync] Stopped: Collection
2026-05-28 13:02:20.203: [INFO][Sync] Stopped: Edge E Drop
2026-05-28 13:02:20.203: [INFO][Sync] Stopped: Edge Hub App Usage
2026-05-28 13:02:20.203: [INFO][Sync] Stopped: Edge Journey
2026-05-28 13:02:20.203: [INFO][Sync] Stopped: Edge Wallet
2026-05-28 13:02:20.203: [INFO][Sync] Stopped: Edge Workspace
2026-05-28 13:02:20.203: [INFO][Sync] SyncState after authenticated was: NotSignedIn
2026-05-28 13:02:20.664: [INFO][Sync] Reset engine, reason: 8
2026-05-28 13:02:20.664: [INFO][Sync] Stopped: Bookmarks
2026-05-28 13:02:20.664: [INFO][Sync] Stopped: Preferences
2026-05-28 13:02:20.664: [INFO][Sync] Stopped: Passwords
2026-05-28 13:02:20.664: [INFO][Sync] Stopped: Autofill Profiles
2026-05-28 13:02:20.664: [INFO][Sync] Stopped: Autofill
2026-05-28 13:02:20.664: [INFO][Sync] Stopped: Extensions
2026-05-28 13:02:20.664: [INFO][Sync] Stopped: Sessions
2026-05-28 13:02:20.664: [INFO][Sync] Stopped: Extension settings
2026-05-28 13:02:20.664: [INFO][Sync] Stopped: History Delete Directives
2026-05-28 13:02:20.664: [INFO][Sync] Stopped: Device Info
2026-05-28 13:02:20.664: [INFO][Sync] Stopped: User Consents
2026-05-28 13:02:20.664: [INFO][Sync] Stopped: Send Tab To Self
2026-05-28 13:02:20.664: [INFO][Sync] Stopped: Web Apps
2026-05-28 13:02:20.664: [INFO][Sync] Stopped: History
2026-05-28 13:02:20.664: [INFO][Sync] Stopped: Saved Tab Group
2026-05-28 13:02:20.664: [INFO][Sync] Stopped: WebAuthn Credentials
2026-05-28 13:02:20.664: [INFO][Sync] Stopped: Collection
2026-05-28 13:02:20.664: [INFO][Sync] Stopped: Edge E Drop
2026-05-28 13:02:20.664: [INFO][Sync] Stopped: Edge Hub App Usage
2026-05-28 13:02:20.664: [INFO][Sync] Stopped: Edge Journey
2026-05-28 13:02:20.664: [INFO][Sync] Stopped: Edge Wallet
2026-05-28 13:02:20.664: [INFO][Sync] Stopped: Edge Workspace
2026-05-28 13:07:20.185: [INFO][Sync] Reset engine, reason: 0
2026-05-28 13:09:30.004: [INFO][Sync] Reset engine, reason: 8
2026-05-28 13:09:30.004: [INFO][Sync] Stopped: Bookmarks
2026-05-28 13:09:30.004: [INFO][Sync] Stopped: Preferences
2026-05-28 13:09:30.004: [INFO][Sync] Stopped: Passwords
2026-05-28 13:09:30.004: [INFO][Sync] Stopped: Autofill Profiles
2026-05-28 13:09:30.004: [INFO][Sync] Stopped: Autofill
2026-05-28 13:09:30.004: [INFO][Sync] Stopped: Extensions
2026-05-28 13:09:30.004: [INFO][Sync] Stopped: Sessions
2026-05-28 13:09:30.004: [INFO][Sync] Stopped: Extension settings
2026-05-28 13:09:30.004: [INFO][Sync] Stopped: History Delete Directives
2026-05-28 13:09:30.004: [INFO][Sync] Stopped: Device Info
2026-05-28 13:09:30.004: [INFO][Sync] Stopped: User Consents
2026-05-28 13:09:30.004: [INFO][Sync] Stopped: Send Tab To Self
2026-05-28 13:09:30.004: [INFO][Sync] Stopped: Web Apps
2026-05-28 13:09:30.004: [INFO][Sync] Stopped: History
2026-05-28 13:09:30.004: [INFO][Sync] Stopped: Saved Tab Group
2026-05-28 13:09:30.004: [INFO][Sync] Stopped: WebAuthn Credentials
2026-05-28 13:09:30.004: [INFO][Sync] Stopped: Collection
2026-05-28 13:09:30.004: [INFO][Sync] Stopped: Edge E Drop
2026-05-28 13:09:30.004: [INFO][Sync] Stopped: Edge Hub App Usage
2026-05-28 13:09:30.004: [INFO][Sync] Stopped: Edge Journey
2026-05-28 13:09:30.004: [INFO][Sync] Stopped: Edge Wallet
2026-05-28 13:09:30.004: [INFO][Sync] Stopped: Edge Workspace
2026-05-28 13:09:30.005: [INFO][Sync] SyncState after authenticated was: NotSignedIn
2026-05-28 13:09:30.413: [INFO][Sync] Reset engine, reason: 8
2026-05-28 13:09:30.413: [INFO][Sync] Stopped: Bookmarks
2026-05-28 13:09:30.413: [INFO][Sync] Stopped: Preferences
2026-05-28 13:09:30.413: [INFO][Sync] Stopped: Passwords
2026-05-28 13:09:30.413: [INFO][Sync] Stopped: Autofill Profiles
2026-05-28 13:09:30.413: [INFO][Sync] Stopped: Autofill
2026-05-28 13:09:30.413: [INFO][Sync] Stopped: Extensions
2026-05-28 13:09:30.413: [INFO][Sync] Stopped: Sessions
2026-05-28 13:09:30.413: [INFO][Sync] Stopped: Extension settings
2026-05-28 13:09:30.413: [INFO][Sync] Stopped: History Delete Directives
2026-05-28 13:09:30.413: [INFO][Sync] Stopped: Device Info
2026-05-28 13:09:30.413: [INFO][Sync] Stopped: User Consents
2026-05-28 13:09:30.413: [INFO][Sync] Stopped: Send Tab To Self
2026-05-28 13:09:30.413: [INFO][Sync] Stopped: Web Apps
2026-05-28 13:09:30.413: [INFO][Sync] Stopped: History
2026-05-28 13:09:30.413: [INFO][Sync] Stopped: Saved Tab Group
2026-05-28 13:09:30.413: [INFO][Sync] Stopped: WebAuthn Credentials
2026-05-28 13:09:30.413: [INFO][Sync] Stopped: Collection
2026-05-28 13:09:30.413: [INFO][Sync] Stopped: Edge E Drop
2026-05-28 13:09:30.413: [INFO][Sync] Stopped: Edge Hub App Usage
2026-05-28 13:09:30.413: [INFO][Sync] Stopped: Edge Journey
2026-05-28 13:09:30.413: [INFO][Sync] Stopped: Edge Wallet
2026-05-28 13:09:30.413: [INFO][Sync] Stopped: Edge Workspace
2026-05-28 13:10:01.744: [INFO][Sync] Reset engine, reason: 0
2026-05-28 13:11:39.309: [INFO][Sync] Reset engine, reason: 8
2026-05-28 13:11:39.309: [INFO][Sync] Stopped: Bookmarks
2026-05-28 13:11:39.309: [INFO][Sync] Stopped: Preferences
2026-05-28 13:11:39.309: [INFO][Sync] Stopped: Passwords
2026-05-28 13:11:39.309: [INFO][Sync] Stopped: Autofill Profiles
2026-05-28 13:11:39.309: [INFO][Sync] Stopped: Autofill
2026-05-28 13:11:39.309: [INFO][Sync] Stopped: Extensions
2026-05-28 13:11:39.309: [INFO][Sync] Stopped: Sessions
2026-05-28 13:11:39.309: [INFO][Sync] Stopped: Extension settings
2026-05-28 13:11:39.309: [INFO][Sync] Stopped: History Delete Directives
2026-05-28 13:11:39.309: [INFO][Sync] Stopped: Device Info
2026-05-28 13:11:39.309: [INFO][Sync] Stopped: User Consents
2026-05-28 13:11:39.309: [INFO][Sync] Stopped: Send Tab To Self
2026-05-28 13:11:39.309: [INFO][Sync] Stopped: Web Apps
2026-05-28 13:11:39.309: [INFO][Sync] Stopped: History
2026-05-28 13:11:39.309: [INFO][Sync] Stopped: Saved Tab Group
2026-05-28 13:11:39.309: [INFO][Sync] Stopped: WebAuthn Credentials
2026-05-28 13:11:39.309: [INFO][Sync] Stopped: Collection
2026-05-28 13:11:39.309: [INFO][Sync] Stopped: Edge E Drop
2026-05-28 13:11:39.309: [INFO][Sync] Stopped: Edge Hub App Usage
2026-05-28 13:11:39.309: [INFO][Sync] Stopped: Edge Journey
2026-05-28 13:11:39.309: [INFO][Sync] Stopped: Edge Wallet
2026-05-28 13:11:39.309: [INFO][Sync] Stopped: Edge Workspace
2026-05-28 13:11:39.310: [INFO][Sync] SyncState after authenticated was: NotSignedIn
2026-05-28 13:11:39.733: [INFO][Sync] Reset engine, reason: 8
2026-05-28 13:11:39.733: [INFO][Sync] Stopped: Bookmarks
2026-05-28 13:11:39.733: [INFO][Sync] Stopped: Preferences
2026-05-28 13:11:39.733: [INFO][Sync] Stopped: Passwords
2026-05-28 13:11:39.733: [INFO][Sync] Stopped: Autofill Profiles
2026-05-28 13:11:39.733: [INFO][Sync] Stopped: Autofill
2026-05-28 13:11:39.733: [INFO][Sync] Stopped: Extensions
2026-05-28 13:11:39.733: [INFO][Sync] Stopped: Sessions
2026-05-28 13:11:39.733: [INFO][Sync] Stopped: Extension settings
2026-05-28 13:11:39.733: [INFO][Sync] Stopped: History Delete Directives
2026-05-28 13:11:39.733: [INFO][Sync] Stopped: Device Info
2026-05-28 13:11:39.733: [INFO][Sync] Stopped: User Consents
2026-05-28 13:11:39.733: [INFO][Sync] Stopped: Send Tab To Self
2026-05-28 13:11:39.733: [INFO][Sync] Stopped: Web Apps
2026-05-28 13:11:39.734: [INFO][Sync] Stopped: History
2026-05-28 13:11:39.734: [INFO][Sync] Stopped: Saved Tab Group
2026-05-28 13:11:39.734: [INFO][Sync] Stopped: WebAuthn Credentials
2026-05-28 13:11:39.734: [INFO][Sync] Stopped: Collection
2026-05-28 13:11:39.734: [INFO][Sync] Stopped: Edge E Drop
2026-05-28 13:11:39.734: [INFO][Sync] Stopped: Edge Hub App Usage
2026-05-28 13:11:39.734: [INFO][Sync] Stopped: Edge Journey
2026-05-28 13:11:39.734: [INFO][Sync] Stopped: Edge Wallet
2026-05-28 13:11:39.734: [INFO][Sync] Stopped: Edge Workspace
2026-05-28 13:15:51.373: [INFO][Sync] Reset engine, reason: 0
2026-05-28 13:30:30.194: [INFO][Sync] Reset engine, reason: 8
2026-05-28 13:30:30.194: [INFO][Sync] Stopped: Bookmarks
2026-05-28 13:30:30.194: [INFO][Sync] Stopped: Preferences
2026-05-28 13:30:30.194: [INFO][Sync] Stopped: Passwords
2026-05-28 13:30:30.194: [INFO][Sync] Stopped: Autofill Profiles
2026-05-28 13:30:30.194: [INFO][Sync] Stopped: Autofill
2026-05-28 13:30:30.194: [INFO][Sync] Stopped: Extensions
2026-05-28 13:30:30.194: [INFO][Sync] Stopped: Sessions
2026-05-28 13:30:30.194: [INFO][Sync] Stopped: Extension settings
2026-05-28 13:30:30.194: [INFO][Sync] Stopped: History Delete Directives
2026-05-28 13:30:30.194: [INFO][Sync] Stopped: Device Info
2026-05-28 13:30:30.194: [INFO][Sync] Stopped: User Consents
2026-05-28 13:30:30.194: [INFO][Sync] Stopped: Send Tab To Self
2026-05-28 13:30:30.194: [INFO][Sync] Stopped: Web Apps
2026-05-28 13:30:30.194: [INFO][Sync] Stopped: History
2026-05-28 13:30:30.194: [INFO][Sync] Stopped: Saved Tab Group
2026-05-28 13:30:30.194: [INFO][Sync] Stopped: WebAuthn Credentials
2026-05-28 13:30:30.194: [INFO][Sync] Stopped: Collection
2026-05-28 13:30:30.194: [INFO][Sync] Stopped: Edge E Drop
2026-05-28 13:30:30.194: [INFO][Sync] Stopped: Edge Hub App Usage
2026-05-28 13:30:30.194: [INFO][Sync] Stopped: Edge Journey
2026-05-28 13:30:30.194: [INFO][Sync] Stopped: Edge Wallet
2026-05-28 13:30:30.194: [INFO][Sync] Stopped: Edge Workspace
2026-05-28 13:30:30.194: [INFO][Sync] SyncState after authenticated was: NotSignedIn
2026-05-28 13:30:30.553: [INFO][Sync] Reset engine, reason: 8
2026-05-28 13:30:30.553: [INFO][Sync] Stopped: Bookmarks
2026-05-28 13:30:30.553: [INFO][Sync] Stopped: Preferences
2026-05-28 13:30:30.553: [INFO][Sync] Stopped: Passwords
2026-05-28 13:30:30.553: [INFO][Sync] Stopped: Autofill Profiles
2026-05-28 13:30:30.553: [INFO][Sync] Stopped: Autofill
2026-05-28 13:30:30.553: [INFO][Sync] Stopped: Extensions
2026-05-28 13:30:30.553: [INFO][Sync] Stopped: Sessions
2026-05-28 13:30:30.553: [INFO][Sync] Stopped: Extension settings
2026-05-28 13:30:30.553: [INFO][Sync] Stopped: History Delete Directives
2026-05-28 13:30:30.553: [INFO][Sync] Stopped: Device Info
2026-05-28 13:30:30.553: [INFO][Sync] Stopped: User Consents
2026-05-28 13:30:30.553: [INFO][Sync] Stopped: Send Tab To Self
2026-05-28 13:30:30.553: [INFO][Sync] Stopped: Web Apps
2026-05-28 13:30:30.553: [INFO][Sync] Stopped: History
2026-05-28 13:30:30.553: [INFO][Sync] Stopped: Saved Tab Group
2026-05-28 13:30:30.553: [INFO][Sync] Stopped: WebAuthn Credentials
2026-05-28 13:30:30.553: [INFO][Sync] Stopped: Collection
2026-05-28 13:30:30.553: [INFO][Sync] Stopped: Edge E Drop
2026-05-28 13:30:30.553: [INFO][Sync] Stopped: Edge Hub App Usage
2026-05-28 13:30:30.553: [INFO][Sync] Stopped: Edge Journey
2026-05-28 13:30:30.553: [INFO][Sync] Stopped: Edge Wallet
2026-05-28 13:30:30.553: [INFO][Sync] Stopped: Edge Workspace
2026-05-28 13:35:03.858: [INFO][Sync] Reset engine, reason: 0
2026-05-28 13:41:04.838: [INFO][Sync] Reset engine, reason: 8
2026-05-28 13:41:04.838: [INFO][Sync] Stopped: Bookmarks
2026-05-28 13:41:04.838: [INFO][Sync] Stopped: Preferences
2026-05-28 13:41:04.838: [INFO][Sync] Stopped: Passwords
2026-05-28 13:41:04.838: [INFO][Sync] Stopped: Autofill Profiles
2026-05-28 13:41:04.838: [INFO][Sync] Stopped: Autofill
2026-05-28 13:41:04.838: [INFO][Sync] Stopped: Extensions
2026-05-28 13:41:04.838: [INFO][Sync] Stopped: Sessions
2026-05-28 13:41:04.838: [INFO][Sync] Stopped: Extension settings
2026-05-28 13:41:04.838: [INFO][Sync] Stopped: History Delete Directives
2026-05-28 13:41:04.838: [INFO][Sync] Stopped: Device Info
2026-05-28 13:41:04.838: [INFO][Sync] Stopped: User Consents
2026-05-28 13:41:04.838: [INFO][Sync] Stopped: Send Tab To Self
2026-05-28 13:41:04.838: [INFO][Sync] Stopped: Web Apps
2026-05-28 13:41:04.838: [INFO][Sync] Stopped: History
2026-05-28 13:41:04.838: [INFO][Sync] Stopped: Saved Tab Group
2026-05-28 13:41:04.838: [INFO][Sync] Stopped: WebAuthn Credentials
2026-05-28 13:41:04.838: [INFO][Sync] Stopped: Collection
2026-05-28 13:41:04.838: [INFO][Sync] Stopped: Edge E Drop
2026-05-28 13:41:04.838: [INFO][Sync] Stopped: Edge Hub App Usage
2026-05-28 13:41:04.838: [INFO][Sync] Stopped: Edge Journey
2026-05-28 13:41:04.838: [INFO][Sync] Stopped: Edge Wallet
2026-05-28 13:41:04.838: [INFO][Sync] Stopped: Edge Workspace
2026-05-28 13:41:04.839: [INFO][Sync] SyncState after authenticated was: NotSignedIn
2026-05-28 13:41:05.286: [INFO][Sync] Reset engine, reason: 8
2026-05-28 13:41:05.286: [INFO][Sync] Stopped: Bookmarks
2026-05-28 13:41:05.286: [INFO][Sync] Stopped: Preferences
2026-05-28 13:41:05.286: [INFO][Sync] Stopped: Passwords
2026-05-28 13:41:05.287: [INFO][Sync] Stopped: Autofill Profiles
2026-05-28 13:41:05.287: [INFO][Sync] Stopped: Autofill
2026-05-28 13:41:05.287: [INFO][Sync] Stopped: Extensions
2026-05-28 13:41:05.287: [INFO][Sync] Stopped: Sessions
2026-05-28 13:41:05.287: [INFO][Sync] Stopped: Extension settings
2026-05-28 13:41:05.287: [INFO][Sync] Stopped: History Delete Directives
2026-05-28 13:41:05.287: [INFO][Sync] Stopped: Device Info
2026-05-28 13:41:05.287: [INFO][Sync] Stopped: User Consents
2026-05-28 13:41:05.287: [INFO][Sync] Stopped: Send Tab To Self
2026-05-28 13:41:05.287: [INFO][Sync] Stopped: Web Apps
2026-05-28 13:41:05.287: [INFO][Sync] Stopped: History
2026-05-28 13:41:05.287: [INFO][Sync] Stopped: Saved Tab Group
2026-05-28 13:41:05.287: [INFO][Sync] Stopped: WebAuthn Credentials
2026-05-28 13:41:05.287: [INFO][Sync] Stopped: Collection
2026-05-28 13:41:05.287: [INFO][Sync] Stopped: Edge E Drop
2026-05-28 13:41:05.287: [INFO][Sync] Stopped: Edge Hub App Usage
2026-05-28 13:41:05.287: [INFO][Sync] Stopped: Edge Journey
2026-05-28 13:41:05.287: [INFO][Sync] Stopped: Edge Wallet
2026-05-28 13:41:05.287: [INFO][Sync] Stopped: Edge Workspace
2026-05-28 13:47:17.898: [INFO][Sync] Reset engine, reason: 0
