2026-05-28 12:00:01.399: [INFO] VisibilityChanged: 0
2026-05-28 12:00:01.524: [INFO] RecordSyncInitDuration has_sync_been_enabled: 0 state: 0
2026-05-28 12:00:01.532: [INFO] RecordSyncInitDuration has_sync_been_enabled: 0 state: 0
2026-05-28 12:00:01.538: [INFO] RecordSyncInitDuration has_sync_been_enabled: 0 state: 0
2026-05-28 12:00:01.544: [INFO] RecordSyncInitDuration has_sync_been_enabled: 0 state: 0
2026-05-28 12:00:01.552: [INFO] RecordSyncInitDuration has_sync_been_enabled: 0 state: 0
2026-05-28 12:00:01.558: [INFO] RecordSyncInitDuration has_sync_been_enabled: 0 state: 0
2026-05-28 12:00:01.564: [INFO] RecordSyncInitDuration has_sync_been_enabled: 0 state: 0
2026-05-28 12:00:01.570: [INFO] RecordSyncInitDuration has_sync_been_enabled: 0 state: 0
2026-05-28 12:00:01.575: [INFO] RecordSyncInitDuration has_sync_been_enabled: 0 state: 0
2026-05-28 12:00:01.581: [INFO] RecordSyncInitDuration has_sync_been_enabled: 0 state: 0
2026-05-28 12:00:01.583: [INFO] RecordSyncInitDuration has_sync_been_enabled: 0 state: 0
2026-05-28 12:00:01.586: [INFO] RecordSyncInitDuration has_sync_been_enabled: 0 state: 0
2026-05-28 12:00:01.660: [INFO] BookmarkNodeAdded, ABU: 0
2026-05-28 12:00:01.662: [INFO] BookmarkNodeAdded, ABU: 0
2026-05-28 12:00:01.663: [INFO] BookmarkNodeAdded, ABU: 0
2026-05-28 12:00:01.665: [INFO] BookmarkNodeAdded, ABU: 0
2026-05-28 12:00:01.665: [INFO] BookmarkModelLoaded, ids_reassigned: 0
2026-05-28 12:00:01.665: [INFO] OnDoneLoading sync enabled: 0
2026-05-28 12:00:01.816: [INFO] RecordSyncInitDuration has_sync_been_enabled: 0 state: 0
2026-05-28 12:04:07.345: [INFO] VisibilityChanged: 0
2026-05-28 12:04:07.466: [INFO] BookmarkNodeAdded, ABU: 0
2026-05-28 12:04:07.468: [INFO] BookmarkNodeAdded, ABU: 0
2026-05-28 12:04:07.469: [INFO] BookmarkNodeAdded, ABU: 0
2026-05-28 12:04:07.471: [INFO] BookmarkNodeAdded, ABU: 0
2026-05-28 12:04:07.471: [INFO] BookmarkModelLoaded, ids_reassigned: 0
2026-05-28 12:04:07.471: [INFO] OnDoneLoading sync enabled: 0
2026-05-28 12:04:07.476: [INFO] RecordSyncInitDuration has_sync_been_enabled: 0 state: 0
2026-05-28 12:10:23.770: [INFO] VisibilityChanged: 1
2026-05-28 12:11:50.486: [INFO] VisibilityChanged: 0
2026-05-28 12:11:52.801: [INFO] VisibilityChanged: 1
2026-05-28 12:13:16.544: [INFO] VisibilityChanged: 0
2026-05-28 12:28:34.662: [INFO] VisibilityChanged: 0
2026-05-28 12:28:34.810: [INFO] BookmarkNodeAdded, ABU: 0
2026-05-28 12:28:34.811: [INFO] BookmarkNodeAdded, ABU: 0
2026-05-28 12:28:34.813: [INFO] BookmarkNodeAdded, ABU: 0
2026-05-28 12:28:34.814: [INFO] BookmarkNodeAdded, ABU: 0
2026-05-28 12:28:34.814: [INFO] BookmarkModelLoaded, ids_reassigned: 0
2026-05-28 12:28:34.814: [INFO] OnDoneLoading sync enabled: 0
2026-05-28 12:28:34.822: [INFO] RecordSyncInitDuration has_sync_been_enabled: 0 state: 0
2026-05-28 12:30:46.676: [INFO] VisibilityChanged: 1
2026-05-28 12:30:52.760: [INFO] VisibilityChanged: 0
2026-05-28 12:31:02.105: [INFO] VisibilityChanged: 1
2026-05-28 12:31:05.034: [INFO] VisibilityChanged: 0
2026-05-28 12:32:13.561: [INFO] VisibilityChanged: 1
2026-05-28 12:32:15.504: [INFO] VisibilityChanged: 0
2026-05-28 12:32:18.717: [INFO] VisibilityChanged: 1
2026-05-28 12:32:20.251: [INFO] VisibilityChanged: 0
2026-05-28 12:32:21.498: [INFO] VisibilityChanged: 1
2026-05-28 12:32:24.017: [INFO] VisibilityChanged: 0
2026-05-28 12:32:31.352: [INFO] VisibilityChanged: 1
2026-05-28 12:32:32.438: [INFO] VisibilityChanged: 0
2026-05-28 12:32:40.581: [INFO] VisibilityChanged: 1
2026-05-28 12:32:46.045: [INFO] VisibilityChanged: 0
2026-05-28 12:47:33.256: [INFO] VisibilityChanged: 1
2026-05-28 12:47:34.727: [INFO] VisibilityChanged: 0
2026-05-28 12:50:24.389: [INFO] VisibilityChanged: 0
2026-05-28 12:50:24.482: [INFO] BookmarkNodeAdded, ABU: 0
2026-05-28 12:50:24.484: [INFO] BookmarkNodeAdded, ABU: 0
2026-05-28 12:50:24.485: [INFO] BookmarkNodeAdded, ABU: 0
2026-05-28 12:50:24.487: [INFO] BookmarkNodeAdded, ABU: 0
2026-05-28 12:50:24.487: [INFO] BookmarkModelLoaded, ids_reassigned: 0
2026-05-28 12:50:24.487: [INFO] OnDoneLoading sync enabled: 0
2026-05-28 12:50:24.494: [INFO] RecordSyncInitDuration has_sync_been_enabled: 0 state: 0
2026-05-28 12:53:31.681: [INFO] VisibilityChanged: 0
2026-05-28 12:53:31.815: [INFO] RecordSyncInitDuration has_sync_been_enabled: 0 state: 0
2026-05-28 12:53:31.817: [INFO] BookmarkNodeAdded, ABU: 0
2026-05-28 12:53:31.819: [INFO] BookmarkNodeAdded, ABU: 0
2026-05-28 12:53:31.821: [INFO] BookmarkNodeAdded, ABU: 0
2026-05-28 12:53:31.822: [INFO] BookmarkNodeAdded, ABU: 0
2026-05-28 12:53:31.822: [INFO] BookmarkModelLoaded, ids_reassigned: 0
2026-05-28 12:53:31.822: [INFO] OnDoneLoading sync enabled: 0
2026-05-28 13:02:20.471: [INFO] VisibilityChanged: 0
2026-05-28 13:02:20.659: [INFO] BookmarkNodeAdded, ABU: 0
2026-05-28 13:02:20.661: [INFO] BookmarkNodeAdded, ABU: 0
2026-05-28 13:02:20.662: [INFO] BookmarkNodeAdded, ABU: 0
2026-05-28 13:02:20.663: [INFO] BookmarkNodeAdded, ABU: 0
2026-05-28 13:02:20.663: [INFO] BookmarkModelLoaded, ids_reassigned: 0
2026-05-28 13:02:20.663: [INFO] OnDoneLoading sync enabled: 0
2026-05-28 13:02:20.670: [INFO] RecordSyncInitDuration has_sync_been_enabled: 0 state: 0
2026-05-28 13:09:30.266: [INFO] VisibilityChanged: 0
2026-05-28 13:09:30.407: [INFO] BookmarkNodeAdded, ABU: 0
2026-05-28 13:09:30.408: [INFO] BookmarkNodeAdded, ABU: 0
2026-05-28 13:09:30.410: [INFO] BookmarkNodeAdded, ABU: 0
2026-05-28 13:09:30.411: [INFO] BookmarkNodeAdded, ABU: 0
2026-05-28 13:09:30.411: [INFO] BookmarkModelLoaded, ids_reassigned: 0
2026-05-28 13:09:30.411: [INFO] OnDoneLoading sync enabled: 0
2026-05-28 13:09:30.419: [INFO] RecordSyncInitDuration has_sync_been_enabled: 0 state: 0
2026-05-28 13:11:39.580: [INFO] VisibilityChanged: 0
2026-05-28 13:11:39.728: [INFO] BookmarkNodeAdded, ABU: 0
2026-05-28 13:11:39.730: [INFO] BookmarkNodeAdded, ABU: 0
2026-05-28 13:11:39.731: [INFO] BookmarkNodeAdded, ABU: 0
2026-05-28 13:11:39.733: [INFO] BookmarkNodeAdded, ABU: 0
2026-05-28 13:11:39.733: [INFO] BookmarkModelLoaded, ids_reassigned: 0
2026-05-28 13:11:39.733: [INFO] OnDoneLoading sync enabled: 0
2026-05-28 13:11:39.739: [INFO] RecordSyncInitDuration has_sync_been_enabled: 0 state: 0
2026-05-28 13:30:30.429: [INFO] VisibilityChanged: 0
2026-05-28 13:30:30.545: [INFO] BookmarkNodeAdded, ABU: 0
2026-05-28 13:30:30.547: [INFO] BookmarkNodeAdded, ABU: 0
2026-05-28 13:30:30.549: [INFO] BookmarkNodeAdded, ABU: 0
2026-05-28 13:30:30.550: [INFO] BookmarkNodeAdded, ABU: 0
2026-05-28 13:30:30.550: [INFO] BookmarkModelLoaded, ids_reassigned: 0
2026-05-28 13:30:30.550: [INFO] OnDoneLoading sync enabled: 0
2026-05-28 13:30:30.560: [INFO] RecordSyncInitDuration has_sync_been_enabled: 0 state: 0
2026-05-28 13:41:05.097: [INFO] VisibilityChanged: 0
2026-05-28 13:41:05.282: [INFO] BookmarkNodeAdded, ABU: 0
2026-05-28 13:41:05.284: [INFO] BookmarkNodeAdded, ABU: 0
2026-05-28 13:41:05.285: [INFO] BookmarkNodeAdded, ABU: 0
2026-05-28 13:41:05.286: [INFO] BookmarkNodeAdded, ABU: 0
2026-05-28 13:41:05.286: [INFO] BookmarkModelLoaded, ids_reassigned: 0
2026-05-28 13:41:05.286: [INFO] OnDoneLoading sync enabled: 0
2026-05-28 13:41:05.291: [INFO] RecordSyncInitDuration has_sync_been_enabled: 0 state: 0
